
txtfilen =

D:\REPRODUCIBILITY\REP1\S0007_prep_moco_none_preEx\E100S0007I00001.txt

Reading headers from D:\REPRODUCIBILITY\REP1\S0007_prep_moco_none_preEx\E100S0007I00001.txt ...
readdicomimage2d done

txtfilen =

D:\REPRODUCIBILITY\REP1\S0016_prep_moco_none_postEx\E100S0016I00001.txt

Reading headers from D:\REPRODUCIBILITY\REP1\S0016_prep_moco_none_postEx\E100S0016I00001.txt ...
readdicomimage2d done

txtfilen =

D:\REPRODUCIBILITY\REP1\prep_moco_b0map_pre_0009\E100S0009I00001.txt

Reading headers from D:\REPRODUCIBILITY\REP1\prep_moco_b0map_pre_0009\E100S0009I00001.txt ...
readdicomimage2d done

txtfilen =

D:\REPRODUCIBILITY\REP1\prep_moco_b0map_pre_0010\E100S0010I00001.txt

Reading headers from D:\REPRODUCIBILITY\REP1\prep_moco_b0map_pre_0010\E100S0010I00001.txt ...
readdicomimage2d done

txtfilen =

D:\REPRODUCIBILITY\REP1\S0014_prep_moco_b0map_post\E100S0014I00001.txt

Reading headers from D:\REPRODUCIBILITY\REP1\S0014_prep_moco_b0map_post\E100S0014I00001.txt ...
readdicomimage2d done

txtfilen =

D:\REPRODUCIBILITY\REP1\S0015_prep_moco_b0map_post\E100S0015I00001.txt

Reading headers from D:\REPRODUCIBILITY\REP1\S0015_prep_moco_b0map_post\E100S0015I00001.txt ...
readdicomimage2d done

txtfilen =

D:\REPRODUCIBILITY\REP1\S0008_prep_moco_b1map_pre\E100S0008I00001.txt

Reading headers from D:\REPRODUCIBILITY\REP1\S0008_prep_moco_b1map_pre\E100S0008I00001.txt ...
readdicomimage2d done
calc_b1map3d_new begin ....
calc_b1map_new end ....

txtfilen =

D:\REPRODUCIBILITY\REP1\S0013_prep_moco_b1map_post\E100S0013I00001.txt

Reading headers from D:\REPRODUCIBILITY\REP1\S0013_prep_moco_b1map_post\E100S0013I00001.txt ...
readdicomimage2d done
calc_b1map3d_new begin ....
calc_b1map_new end ....

txtfilen =

D:\REPRODUCIBILITY\REP1\S0011_prep_moco_cest_pre\E100S0011I00001.txt

Reading headers from D:\REPRODUCIBILITY\REP1\S0011_prep_moco_cest_pre\E100S0011I00001.txt ...
readdicomimage2d done

txtfilen =

D:\REPRODUCIBILITY\REP1\S0012_prep_moco_cest_post\E100S0012I00001.txt

Reading headers from D:\REPRODUCIBILITY\REP1\S0012_prep_moco_cest_post\E100S0012I00001.txt ...
readdicomimage2d done
{Undefined function or variable 'form'.

Error in <a href="matlab:matlab.internal.language.introspective.errorDocCallback('ExerciseCEST/butROIButtonPushed/printax', 'C:\Users\CMROI\Desktop\ExerciseCEST\ExerciseCEST.mlapp', 863)" style="font-weight:bold">ExerciseCEST/butROIButtonPushed/printax</a> (<a href="matlab: opentoline('C:\Users\CMROI\Desktop\ExerciseCEST\ExerciseCEST.mlapp',863,0)">line
863</a>)
                    print(h,fname,form,res,rend,'-noui')} 
Error while evaluating UIControl Callback

opentoline('C:\Users\CMROI\Desktop\ExerciseCEST\ExerciseCEST.mlapp',863,0)
clc
<a href="matlab: opentoline('C:\Users\CMROI\Desktop\ExerciseCEST\common\NWmontim.m',141,1)">141 </a>        prompt = {'FullName (no extension)','Format (vector: eps,pdf / bitmap: tiff,png,bmp,jpeg)','DPI','Renderer (painters or opengl)'};
if system_dependent('IsDebugMode')==1, dbstep; end
if system_dependent('IsDebugMode')==1, dbstep; end
if system_dependent('IsDebugMode')==1, dbstep; end
if system_dependent('IsDebugMode')==1, dbstep; end
<a href="matlab: opentoline('C:\Users\CMROI\Desktop\ExerciseCEST\common\NWmontim.m',145,1)">145 </a>        if ~isempty(vals)
if system_dependent('IsDebugMode')==1, dbstep; end
